2025-05-17 22:31:57.231 WARNING (SyncWorker_0) [homeassistant.loader] We found a custom integration wiim which has not been tested by Home Assistant. This component might cause stability problems, be sure to disable it if you experience issues with Home Assistant
2025-05-17 22:31:57.944 INFO (MainThread) [homeassistant.setup] Setting up http
2025-05-17 22:31:57.953 INFO (MainThread) [homeassistant.setup] Setting up system_log
2025-05-17 22:31:57.955 WARNING (MainThread) [aiohttp_fast_zlib] zlib_ng and isal are not available, falling back to zlib, performance will be degraded.
2025-05-17 22:31:57.967 INFO (MainThread) [homeassistant.setup] Setup of domain logger took 0.03 seconds
2025-05-17 22:31:57.968 INFO (MainThread) [homeassistant.setup] Setup of domain http took 0.02 seconds
2025-05-17 22:31:57.969 INFO (MainThread) [homeassistant.setup] Setting up websocket_api
2025-05-17 22:31:57.969 INFO (MainThread) [homeassistant.setup] Setup of domain websocket_api took 0.00 seconds
2025-05-17 22:31:57.970 INFO (MainThread) [homeassistant.setup] Setup of domain system_log took 0.02 seconds
2025-05-17 22:31:57.971 INFO (MainThread) [homeassistant.setup] Setting up network
2025-05-17 22:31:57.973 INFO (MainThread) [homeassistant.setup] Setup of domain network took 0.00 seconds
2025-05-17 22:31:57.974 INFO (MainThread) [homeassistant.bootstrap] Setting up stage frontend: {'frontend'} | set()
Dependencies: {'onboarding', 'api', 'repairs', 'search', 'file_upload', 'lovelace', 'config', 'device_automation', 'auth', 'diagnostics'} | {'system_log', 'websocket_api', 'http'}
2025-05-17 22:31:57.977 INFO (MainThread) [homeassistant.setup] Setting up auth
2025-05-17 22:31:57.978 INFO (MainThread) [homeassistant.setup] Setup of domain auth took 0.00 seconds
2025-05-17 22:31:57.979 INFO (MainThread) [homeassistant.setup] Setting up onboarding
2025-05-17 22:31:57.980 INFO (MainThread) [homeassistant.setup] Setup of domain onboarding took 0.00 seconds
2025-05-17 22:31:57.981 INFO (MainThread) [homeassistant.setup] Setting up api
2025-05-17 22:31:57.982 INFO (MainThread) [homeassistant.setup] Setup of domain api took 0.00 seconds
2025-05-17 22:31:57.983 INFO (MainThread) [homeassistant.setup] Setting up config
2025-05-17 22:31:57.985 INFO (MainThread) [homeassistant.setup] Setup of domain config took 0.00 seconds
2025-05-17 22:31:57.986 INFO (MainThread) [homeassistant.setup] Setting up device_automation
2025-05-17 22:31:57.986 INFO (MainThread) [homeassistant.setup] Setup of domain device_automation took 0.00 seconds
2025-05-17 22:31:57.987 INFO (MainThread) [homeassistant.setup] Setting up diagnostics
2025-05-17 22:31:57.990 INFO (MainThread) [homeassistant.setup] Setup of domain diagnostics took 0.00 seconds
2025-05-17 22:31:57.991 INFO (MainThread) [homeassistant.setup] Setting up file_upload
2025-05-17 22:31:57.991 INFO (MainThread) [homeassistant.setup] Setup of domain file_upload took 0.00 seconds
2025-05-17 22:31:57.992 INFO (MainThread) [homeassistant.setup] Setting up lovelace
2025-05-17 22:31:57.997 INFO (MainThread) [homeassistant.setup] Setting up repairs
2025-05-17 22:31:57.998 INFO (MainThread) [homeassistant.setup] Setup of domain repairs took 0.00 seconds
2025-05-17 22:31:57.999 INFO (MainThread) [homeassistant.setup] Setting up search
2025-05-17 22:31:57.999 INFO (MainThread) [homeassistant.setup] Setup of domain search took 0.00 seconds
2025-05-17 22:31:58.002 INFO (MainThread) [homeassistant.setup] Setup of domain lovelace took 0.01 seconds
2025-05-17 22:31:58.002 INFO (MainThread) [homeassistant.setup] Setting up frontend
2025-05-17 22:31:58.011 INFO (MainThread) [homeassistant.setup] Setup of domain frontend took 0.01 seconds
2025-05-17 22:31:58.017 INFO (MainThread) [homeassistant.bootstrap] Nothing to set up in stage recorder: {'recorder'}
2025-05-17 22:31:58.017 INFO (MainThread) [homeassistant.bootstrap] Nothing to set up in stage debugger: {'debugpy'}
2025-05-17 22:31:58.017 INFO (MainThread) [homeassistant.bootstrap] Nothing to set up in stage zeroconf: {'zeroconf'}
2025-05-17 22:31:58.017 INFO (MainThread) [homeassistant.bootstrap] Nothing to set up in stage 1: {'cloud', 'bluetooth', 'hassio', 'usb', 'dhcp', 'ssdp', 'mqtt_eventstream'}
2025-05-17 22:31:58.017 INFO (MainThread) [homeassistant.bootstrap] Setting up stage 2: {'input_button', 'script', 'input_select', 'schedule', 'shopping_list', 'hardware', 'backup', 'input_text', 'sun', 'application_credentials', 'met', 'counter', 'wiim', 'timer', 'radio_browser', 'input_boolean', 'google_translate', 'input_number', 'analytics', 'scene', 'tag', 'automation', 'zone', 'person', 'system_health', 'input_datetime'} | {'logger', 'frontend', 'network'}
Dependencies: {'trace', 'image_upload', 'blueprint'} | {'api', 'websocket_api', 'http', 'device_automation', 'auth'}
2025-05-17 22:31:58.018 INFO (MainThread) [homeassistant.setup] Setting up scene
2025-05-17 22:31:58.020 INFO (MainThread) [homeassistant.components.scene] Setting up homeassistant.scene
2025-05-17 22:31:58.023 INFO (MainThread) [homeassistant.setup] Setup of domain scene took 0.01 seconds
2025-05-17 22:31:58.026 INFO (MainThread) [homeassistant.setup] Setting up input_number
2025-05-17 22:31:58.030 INFO (MainThread) [homeassistant.setup] Setup of domain input_number took 0.00 seconds
2025-05-17 22:31:58.035 INFO (MainThread) [homeassistant.setup] Setting up system_health
2025-05-17 22:31:58.040 INFO (MainThread) [homeassistant.setup] Setup of domain system_health took 0.00 seconds
2025-05-17 22:31:58.042 INFO (MainThread) [homeassistant.setup] Setting up blueprint
2025-05-17 22:31:58.043 INFO (MainThread) [homeassistant.setup] Setup of domain blueprint took 0.00 seconds
2025-05-17 22:31:58.047 INFO (MainThread) [homeassistant.setup] Setting up trace
2025-05-17 22:31:58.049 INFO (MainThread) [homeassistant.setup] Setup of domain trace took 0.00 seconds
2025-05-17 22:31:58.050 INFO (MainThread) [homeassistant.setup] Setting up script
2025-05-17 22:31:58.059 INFO (MainThread) [homeassistant.setup] Setup of domain script took 0.01 seconds
2025-05-17 22:31:58.068 INFO (MainThread) [homeassistant.setup] Setting up backup
2025-05-17 22:31:58.075 INFO (MainThread) [homeassistant.setup] Setting up automation
2025-05-17 22:31:58.081 INFO (MainThread) [homeassistant.setup] Setup of domain automation took 0.01 seconds
2025-05-17 22:31:58.085 INFO (MainThread) [homeassistant.setup] Setting up zone
2025-05-17 22:31:58.092 INFO (MainThread) [homeassistant.setup] Setup of domain zone took 0.01 seconds
2025-05-17 22:31:58.101 INFO (MainThread) [homeassistant.setup] Setting up image_upload
2025-05-17 22:31:58.105 INFO (MainThread) [homeassistant.setup] Setup of domain image_upload took 0.00 seconds
2025-05-17 22:31:58.106 INFO (MainThread) [homeassistant.setup] Setting up person
2025-05-17 22:31:58.124 INFO (SyncWorker_0) [homeassistant.loader] Loaded zeroconf from homeassistant.components.zeroconf
2025-05-17 22:31:58.130 WARNING (MainThread) [asyncio] Executing <Task pending name='Task-1' coro=<setup_and_run_hass() running at /ha-venv/lib/python3.13/site-packages/homeassistant/runner.py:122> wait_for=<_GatheringFuture pending cb=[Task.task_wakeup()] created at /usr/local/lib/python3.13/asyncio/tasks.py:765> cb=[_run_until_complete_cb() at /usr/local/lib/python3.13/asyncio/base_events.py:181] created at /usr/local/lib/python3.13/asyncio/tasks.py:748> took 0.113 seconds
2025-05-17 22:31:58.137 INFO (MainThread) [homeassistant.setup] Setup of domain backup took 0.07 seconds
2025-05-17 22:31:58.142 INFO (MainThread) [homeassistant.setup] Setting up google_translate
2025-05-17 22:31:58.143 INFO (MainThread) [homeassistant.setup] Setup of domain google_translate took 0.00 seconds
2025-05-17 22:31:58.148 INFO (MainThread) [homeassistant.setup] Setting up analytics
2025-05-17 22:31:58.167 INFO (MainThread) [homeassistant.setup] Setup of domain analytics took 0.02 seconds
2025-05-17 22:31:58.169 INFO (MainThread) [homeassistant.setup] Setting up input_button
2025-05-17 22:31:58.172 INFO (MainThread) [homeassistant.setup] Setup of domain input_button took 0.00 seconds
2025-05-17 22:31:58.177 INFO (MainThread) [homeassistant.setup] Setting up tag
2025-05-17 22:31:58.181 INFO (MainThread) [homeassistant.setup] Setup of domain tag took 0.00 seconds
2025-05-17 22:31:58.183 INFO (MainThread) [homeassistant.setup] Setup of domain person took 0.08 seconds
2025-05-17 22:31:58.186 INFO (MainThread) [asyncio] <Server sockets=(<asyncio.TransportSocket fd=15, family=10, type=1, proto=6, laddr=('::', 8123, 0, 0)>, <asyncio.TransportSocket fd=17, family=2, type=1, proto=6, laddr=('0.0.0.0', 8123)>)> is serving
2025-05-17 22:31:58.187 INFO (MainThread) [homeassistant.components.http] Now listening on port 8123
2025-05-17 22:31:58.188 INFO (MainThread) [homeassistant.setup] Setup of domain http took 0.18 seconds
2025-05-17 22:31:58.193 INFO (MainThread) [homeassistant.setup] Setting up input_select
2025-05-17 22:31:58.196 INFO (MainThread) [homeassistant.setup] Setup of domain input_select took 0.00 seconds
2025-05-17 22:31:58.197 INFO (MainThread) [homeassistant.setup] Setting up schedule
2025-05-17 22:31:58.200 INFO (MainThread) [homeassistant.setup] Setup of domain schedule took 0.00 seconds
2025-05-17 22:31:58.201 INFO (MainThread) [homeassistant.setup] Setting up shopping_list
2025-05-17 22:31:58.202 INFO (MainThread) [homeassistant.setup] Setup of domain shopping_list took 0.00 seconds
2025-05-17 22:31:58.207 INFO (MainThread) [homeassistant.setup] Setting up hardware
2025-05-17 22:31:58.212 INFO (MainThread) [homeassistant.setup] Setting up input_text
2025-05-17 22:31:58.218 INFO (MainThread) [homeassistant.setup] Setup of domain input_text took 0.01 seconds
2025-05-17 22:31:58.219 INFO (MainThread) [homeassistant.setup] Setting up sun
2025-05-17 22:31:58.220 INFO (MainThread) [homeassistant.setup] Setup of domain sun took 0.00 seconds
2025-05-17 22:31:58.234 INFO (MainThread) [homeassistant.setup] Setting up sensor
2025-05-17 22:31:58.235 INFO (MainThread) [homeassistant.setup] Setup of domain sensor took 0.00 seconds
2025-05-17 22:31:58.235 INFO (MainThread) [homeassistant.components.sensor] Setting up sun.sensor
2025-05-17 22:31:58.274 INFO (MainThread) [homeassistant.setup] Setting up application_credentials
2025-05-17 22:31:58.277 INFO (MainThread) [homeassistant.setup] Setup of domain application_credentials took 0.00 seconds
2025-05-17 22:31:58.278 INFO (SyncWorker_2) [homeassistant.loader] Loaded ssdp from homeassistant.components.ssdp
2025-05-17 22:31:58.283 INFO (MainThread) [homeassistant.setup] Setting up met
2025-05-17 22:31:58.283 INFO (MainThread) [homeassistant.setup] Setup of domain met took 0.00 seconds
2025-05-17 22:31:58.299 INFO (MainThread) [homeassistant.setup] Setting up counter
2025-05-17 22:31:58.302 INFO (MainThread) [homeassistant.setup] Setup of domain counter took 0.00 seconds
2025-05-17 22:31:58.303 INFO (MainThread) [homeassistant.setup] Setting up timer
2025-05-17 22:31:58.307 INFO (MainThread) [homeassistant.setup] Setup of domain timer took 0.00 seconds
2025-05-17 22:31:58.309 INFO (MainThread) [homeassistant.setup] Setup of domain hardware took 0.10 seconds
2025-05-17 22:31:58.315 INFO (MainThread) [homeassistant.setup] Setting up radio_browser
2025-05-17 22:31:58.318 INFO (MainThread) [homeassistant.setup] Setup of domain radio_browser took 0.00 seconds
2025-05-17 22:31:58.324 INFO (MainThread) [homeassistant.setup] Setting up input_datetime
2025-05-17 22:31:58.330 INFO (MainThread) [homeassistant.setup] Setup of domain input_datetime took 0.01 seconds
2025-05-17 22:31:58.331 INFO (MainThread) [homeassistant.setup] Setting up input_boolean
2025-05-17 22:31:58.332 INFO (MainThread) [homeassistant.setup] Setup of domain input_boolean took 0.00 seconds
2025-05-17 22:31:58.336 INFO (MainThread) [homeassistant.setup] Setting up ffmpeg
2025-05-17 22:31:58.346 INFO (MainThread) [homeassistant.setup] Setting up todo
2025-05-17 22:31:58.348 INFO (MainThread) [homeassistant.setup] Setup of domain todo took 0.00 seconds
2025-05-17 22:31:58.348 INFO (MainThread) [homeassistant.components.todo] Setting up shopping_list.todo
2025-05-17 22:31:58.356 INFO (MainThread) [homeassistant.components.sensor] Setting up backup.sensor
2025-05-17 22:31:58.364 INFO (MainThread) [asyncio] execute program 'ffmpeg': <_UnixSubprocessTransport pid=89284 running stdin=<_UnixWritePipeTransport fd=29 idle bufsize=0> stdout=<_UnixReadPipeTransport fd=30 polling>>
2025-05-17 22:31:58.380 INFO (MainThread) [homeassistant.setup] Setting up wiim
2025-05-17 22:31:58.381 INFO (MainThread) [homeassistant.setup] Setup of domain wiim took 0.00 seconds
2025-05-17 22:31:58.385 DEBUG (MainThread) [custom_components.wiim.api] WiiM HTTP GET https://192.168.1.68:443/httpapi.asp?command=getPlayerStatusEx (verify_ssl=True)
2025-05-17 22:31:58.387 DEBUG (MainThread) [custom_components.wiim.api] WiiM HTTP GET https://192.168.1.68:443/httpapi.asp?command=getStatusEx (verify_ssl=True)
2025-05-17 22:31:58.389 DEBUG (MainThread) [custom_components.wiim.api] WiiM HTTP GET https://192.168.1.68:443/httpapi.asp?command=multiroom:getSlaveList (verify_ssl=True)
2025-05-17 22:31:58.465 DEBUG (MainThread) [custom_components.wiim.api] Request to https://192.168.1.68:443/httpapi.asp?command=getPlayerStatusEx failed: Cannot connect to host 192.168.1.68:443 ssl:True [SSLCertVerificationError: (1, '[SSL: CERTIFICATE_VERIFY_FAILED] certificate verify failed: self-signed certificate (_ssl.c:1028)')]
2025-05-17 22:31:58.465 DEBUG (MainThread) [custom_components.wiim.api] WiiM HTTP GET https://192.168.1.68:443/httpapi.asp?command=getPlayerStatusEx (verify_ssl=False)
2025-05-17 22:31:58.467 DEBUG (MainThread) [custom_components.wiim.api] Request to https://192.168.1.68:443/httpapi.asp?command=multiroom:getSlaveList failed: Cannot connect to host 192.168.1.68:443 ssl:True [SSLCertVerificationError: (1, '[SSL: CERTIFICATE_VERIFY_FAILED] certificate verify failed: self-signed certificate (_ssl.c:1028)')]
2025-05-17 22:31:58.467 DEBUG (MainThread) [custom_components.wiim.api] WiiM HTTP GET https://192.168.1.68:443/httpapi.asp?command=multiroom:getSlaveList (verify_ssl=False)
2025-05-17 22:31:58.469 DEBUG (MainThread) [custom_components.wiim.api] Request to https://192.168.1.68:443/httpapi.asp?command=getStatusEx failed: Cannot connect to host 192.168.1.68:443 ssl:True [SSLCertVerificationError: (1, '[SSL: CERTIFICATE_VERIFY_FAILED] certificate verify failed: self-signed certificate (_ssl.c:1028)')]
2025-05-17 22:31:58.469 DEBUG (MainThread) [custom_components.wiim.api] WiiM HTTP GET https://192.168.1.68:443/httpapi.asp?command=getStatusEx (verify_ssl=False)
2025-05-17 22:31:58.545 DEBUG (MainThread) [custom_components.wiim.api] https://192.168.1.68:443/httpapi.asp?command=getPlayerStatusEx -> 373 bytes JSON
2025-05-17 22:31:58.545 DEBUG (MainThread) [custom_components.wiim.api] Successful request on https://192.168.1.68:443/httpapi.asp?command=getPlayerStatusEx
2025-05-17 22:31:58.545 DEBUG (MainThread) [custom_components.wiim.api] Raw player status: {'type': '0', 'ch': '0', 'mode': '1', 'loop': '4', 'eq': '0', 'vendor': '', 'status': 'stop', 'curpos': '208000', 'offset_pts': '75760', 'totlen': '208000', 'Title': '47686F737473', 'Artist': '416E64726577204C6F636B696E67746F6E', 'Album': '4C616E646D616E202846726F6D2074686520506172616D6F756E742B204F726967696E616C2053657269657329', 'alarmflag': '0', 'plicount': '0', 'plicurr': '0', 'vol': '0', 'mute': '0'}
2025-05-17 22:31:58.545 DEBUG (MainThread) [custom_components.wiim.api] Parsed status: {'type': '0', 'ch': '0', 'mode': '1', 'loop_mode': '4', 'eq_preset': '0', 'vendor': '', 'play_status': 'stop', 'position_ms': '208000', 'offset_pts': '75760', 'duration_ms': '208000', 'title_hex': '47686F737473', 'artist_hex': '416E64726577204C6F636B696E67746F6E', 'album_hex': '4C616E646D616E202846726F6D2074686520506172616D6F756E742B204F726967696E616C2053657269657329', 'alarmflag': '0', 'plicount': '0', 'plicurr': '0', 'volume': 0, 'mute': False, 'title': 'Ghosts', 'artist': 'Andrew Lockington', 'album': 'Landman (From the Paramount+ Original Series)', 'power': True, 'volume_level': 0.0, 'position': 208, 'position_updated_at': 71574.938169434, 'duration': 208, 'play_mode': 'normal'}
2025-05-17 22:31:58.547 DEBUG (MainThread) [custom_components.wiim.api] https://192.168.1.68:443/httpapi.asp?command=multiroom:getSlaveList -> 53 bytes JSON
2025-05-17 22:31:58.547 DEBUG (MainThread) [custom_components.wiim.api] Successful request on https://192.168.1.68:443/httpapi.asp?command=multiroom:getSlaveList
2025-05-17 22:31:58.599 DEBUG (MainThread) [custom_components.wiim.api] https://192.168.1.68:443/httpapi.asp?command=getStatusEx -> 2724 bytes JSON
2025-05-17 22:31:58.599 DEBUG (MainThread) [custom_components.wiim.api] Successful request on https://192.168.1.68:443/httpapi.asp?command=getStatusEx
2025-05-17 22:31:58.600 DEBUG (MainThread) [custom_components.wiim.api] WiiM HTTP GET https://192.168.1.68:443/httpapi.asp?command=getPlayerCmd:switchmode (verify_ssl=False)
2025-05-17 22:31:58.626 INFO (MainThread) [asyncio] <_UnixReadPipeTransport fd=30 polling> was closed by peer
2025-05-17 22:31:58.628 INFO (MainThread) [asyncio] <_UnixSubprocessTransport pid=89284 running stdin=<_UnixWritePipeTransport closed fd=29 closed> stdout=<_UnixReadPipeTransport closed fd=30 closed>> exited with return code 0
2025-05-17 22:31:58.628 INFO (MainThread) [homeassistant.setup] Setup of domain ffmpeg took 0.29 seconds
2025-05-17 22:31:58.629 INFO (MainThread) [homeassistant.setup] Setting up tts
2025-05-17 22:31:58.635 INFO (MainThread) [homeassistant.setup] Setup of domain tts took 0.01 seconds
2025-05-17 22:31:58.636 INFO (MainThread) [homeassistant.components.tts] Setting up google_translate.tts
2025-05-17 22:31:58.680 DEBUG (MainThread) [custom_components.wiim.api] https://192.168.1.68:443/httpapi.asp?command=getPlayerCmd:switchmode -> non-JSON: unknown command
2025-05-17 22:31:58.681 DEBUG (MainThread) [custom_components.wiim.api] Successful request on https://192.168.1.68:443/httpapi.asp?command=getPlayerCmd:switchmode
2025-05-17 22:31:58.681 DEBUG (MainThread) [custom_components.wiim.coordinator] Finished fetching wiim_192.168.1.68 data in 0.299 seconds (success: True)
2025-05-17 22:31:58.687 INFO (MainThread) [homeassistant.setup] Setting up media_player
2025-05-17 22:31:58.690 INFO (MainThread) [homeassistant.setup] Setup of domain media_player took 0.00 seconds
2025-05-17 22:31:58.690 INFO (MainThread) [homeassistant.components.media_player] Setting up wiim.media_player
2025-05-17 22:31:58.694 INFO (MainThread) [homeassistant.components.sensor] Setting up wiim.sensor
2025-05-17 22:31:58.696 INFO (MainThread) [homeassistant.setup] Setting up button
2025-05-17 22:31:58.696 INFO (MainThread) [homeassistant.setup] Setup of domain button took 0.00 seconds
2025-05-17 22:31:58.696 INFO (MainThread) [homeassistant.components.button] Setting up wiim.button
2025-05-17 22:31:58.699 INFO (MainThread) [homeassistant.setup] Setting up number
2025-05-17 22:31:58.700 INFO (MainThread) [homeassistant.setup] Setup of domain number took 0.00 seconds
2025-05-17 22:31:58.701 INFO (MainThread) [homeassistant.components.number] Setting up wiim.number
2025-05-17 22:31:58.870 INFO (MainThread) [homeassistant.setup] Setting up weather
2025-05-17 22:31:58.871 INFO (MainThread) [homeassistant.setup] Setup of domain weather took 0.00 seconds
2025-05-17 22:31:58.871 INFO (MainThread) [homeassistant.components.weather] Setting up met.weather
2025-05-17 22:31:58.874 INFO (MainThread) [homeassistant.bootstrap] Home Assistant initialized in 1.64s
2025-05-17 22:31:58.875 INFO (MainThread) [homeassistant.core] Starting Home Assistant
